<?xml version="1.0" encoding="UTF-8" standalone="yes" ?>
<test-results name="E:\01_Projets\13_pascal_o_r_mapping_branch_master\delphi_VCL\DUnitX\duxPASCAL_O_R_MAPPING\duxPASCAL_O_R_MAPPING.exe" total="2" errors="0" failures="0" ignored="0" inconclusive="0" not-run="0" skipped="0" invalid="0" date="2024-10-04" time="20.854">
  <culture-info current-culture="en" current-uiculture="en" />
  <test-suite type="Assembly" name="duxPASCAL_O_R_MAPPING.exe" executed="true" result="Success" success="True" time="20.854" asserts="0">
    <results>
        <test-suite type="Namespace" name="utcDockableScrollbox" executed="true" result="Success" success="True" time="17.905" asserts="0" >
          <results>
              <test-suite type="Fixture" name="TtcDockableScrollbox" executed="True" result="Success" success="True" time="17.905" >
                <results>
                  <test-case name="TestHookUp.TestHookUp" executed="True" result="Success" success="True" time="17.906" asserts="0" />
                </results>
              </test-suite>
          </results>
        </test-suite>
        <test-suite type="Namespace" name="utcOpenDocument_Embed_Image" executed="true" result="Success" success="True" time="2.948" asserts="0" >
          <results>
              <test-suite type="Fixture" name="TtcOpenDocument_Embed_Image" executed="True" result="Success" success="True" time="2.948" >
                <results>
                  <test-case name="test_Embed_Image.test_Embed_Image" executed="True" result="Success" success="True" time="2.855" asserts="0" />
                </results>
              </test-suite>
          </results>
        </test-suite>
    </results>
  </test-suite>
</test-results>
